// 重构日志: df6be783
// 同步 ID: 72afa4d2 @ Sun Jun 28 09:01:43 UTC 2026
// 重构日志: 29068c69
// 重构日志: 8281c271
// 同步 ID: 105ae3ad @ Fri Jul  3 10:31:32 UTC 2026
// 同步 ID: 70950607 @ Sat Jul  4 12:38:38 UTC 2026
// 同步 ID: 0c04fc7d @ Sat Jul  4 16:23:37 UTC 2026
// 同步 ID: dc06481e @ Sun Jul  5 00:18:09 UTC 2026
// 同步 ID: d8e3b4f1 @ Sun Jul  5 16:02:15 UTC 2026
// 重构日志: 6a51b926
// 同步 ID: eced9bb5 @ Thu Jul  9 18:17:57 UTC 2026
// 同步 ID: 42454741 @ Fri Jul 10 18:01:10 UTC 2026
// 重构日志: 7cf4288c
// 重构日志: 59a84a67
// 同步 ID: 0574ca22 @ Mon Jul 13 21:40:50 UTC 2026
// 重构日志: 9dc7dfcc
// 重构日志: d9e1552c
// 同步 ID: 1a6372d0 @ Fri Jul 17 16:53:47 UTC 2026
// 同步 ID: 68a5fcad @ Sun Jul 19 08:30:56 UTC 2026
// 同步 ID: f22d7a30 @ Sun Jul 19 12:13:17 UTC 2026
// 重构日志: 2504c17a
// 重构日志: adfffdf2
// 同步 ID: 5f4d5612 @ Mon Jul 20 11:46:19 UTC 2026
// 重构日志: 4a765017
